<?xml version="1.0" encoding="UTF-8" ?>
<testsuite failures="0" time="141.468" errors="1" skipped="0" tests="3" name="com.leandroTester.webdriver.FirstTest">
  <properties>
[...]
</properties>
  <testcase time="32.626" classname="com.leandroTester.webdriver.FirstTest" name="startWebDriver"/>
  <testcase time="91.611" classname="com.leandroTester.webdriver.FirstTest" name="driverIsTheKing">
    <error message="org.apache.http.conn.ConnectTimeoutException: Connect to www.compendiumdev.co.uk:80 [www.compendiumdev.co.uk/188.65.115.132] failed: connect timed out
Build info: version: &apos;2.42.2&apos;, revision: &apos;6a6995d31c7c56c340d6f45a76976d43506cd6cc&apos;, time: &apos;2014-06-03 10:52:47&apos;
System info: host: &apos;glb6070&apos;, ip: &apos;127.0.1.1&apos;, os.name: &apos;Linux&apos;, os.arch: &apos;amd64&apos;, os.version: &apos;3.11.0-22-generic&apos;, java.version: &apos;1.7.0_65&apos;
Driver info: driver.version: HtmlUnitDriver" type="org.openqa.selenium.WebDriverException">org.openqa.selenium.WebDriverException: org.apache.http.conn.ConnectTimeoutException: Connect to www.compendiumdev.co.uk:80 [www.compendiumdev.co.uk/188.65.115.132] failed: connect timed out
Build info: version: &apos;2.42.2&apos;, revision: &apos;6a6995d31c7c56c340d6f45a76976d43506cd6cc&apos;, time: &apos;2014-06-03 10:52:47&apos;
System info: host: &apos;glb6070&apos;, ip: &apos;127.0.1.1&apos;, os.name: &apos;Linux&apos;, os.arch: &apos;amd64&apos;, os.version: &apos;3.11.0-22-generic&apos;, java.version: &apos;1.7.0_65&apos;
Driver info: driver.version: HtmlUnitDriver
	at org.openqa.selenium.htmlunit.HtmlUnitDriver.get(HtmlUnitDriver.java:487)
	at org.openqa.selenium.htmlunit.HtmlUnitDriver.get(HtmlUnitDriver.java:463)
	at com.leandroTester.webdriver.FirstTest.driverIsTheKing(FirstTest.java:14)
	at sun.reflect.NativeMethodAccessorImpl.invoke0(Native Method)
	at sun.reflect.NativeMethodAccessorImpl.invoke(NativeMethodAccessorImpl.java:57)
	at sun.reflect.DelegatingMethodAccessorImpl.invoke(DelegatingMethodAccessorImpl.java:43)
	at java.lang.reflect.Method.invoke(Method.java:606)
	at org.junit.runners.model.FrameworkMethod$1.runReflectiveCall(FrameworkMethod.java:47)
	at org.junit.internal.runners.model.ReflectiveCallable.run(ReflectiveCallable.java:12)
	at org.junit.runners.model.FrameworkMethod.invokeExplosively(FrameworkMethod.java:44)
	at org.junit.internal.runners.statements.InvokeMethod.evaluate(InvokeMethod.java:17)
	at org.junit.runners.ParentRunner.runLeaf(ParentRunner.java:271)
	at org.junit.runners.BlockJUnit4ClassRunner.runChild(BlockJUnit4ClassRunner.java:70)
	at org.junit.runners.BlockJUnit4ClassRunner.runChild(BlockJUnit4ClassRunner.java:50)
	at org.junit.runners.ParentRunner$3.run(ParentRunner.java:238)
	at org.junit.runners.ParentRunner$1.schedule(ParentRunner.java:63)
	at org.junit.runners.ParentRunner.runChildren(ParentRunner.java:236)
	at org.junit.runners.ParentRunner.access$000(ParentRunner.java:53)
	at org.junit.runners.ParentRunner$2.evaluate(ParentRunner.java:229)
	at org.junit.runners.ParentRunner.run(ParentRunner.java:309)
	at org.apache.maven.surefire.junit4.JUnit4TestSet.execute(JUnit4TestSet.java:53)
	at org.apache.maven.surefire.junit4.JUnit4Provider.executeTestSet(JUnit4Provider.java:123)
	at org.apache.maven.surefire.junit4.JUnit4Provider.invoke(JUnit4Provider.java:104)
	at sun.reflect.NativeMethodAccessorImpl.invoke0(Native Method)
	at sun.reflect.NativeMethodAccessorImpl.invoke(NativeMethodAccessorImpl.java:57)
	at sun.reflect.DelegatingMethodAccessorImpl.invoke(DelegatingMethodAccessorImpl.java:43)
	at java.lang.reflect.Method.invoke(Method.java:606)
	at org.apache.maven.surefire.util.ReflectionUtils.invokeMethodWithArray(ReflectionUtils.java:164)
	at org.apache.maven.surefire.booter.ProviderFactory$ProviderProxy.invoke(ProviderFactory.java:110)
	at org.apache.maven.surefire.booter.SurefireStarter.invokeProvider(SurefireStarter.java:175)
	at org.apache.maven.surefire.booter.SurefireStarter.runSuitesInProcessWhenForked(SurefireStarter.java:107)
	at org.apache.maven.surefire.booter.ForkedBooter.main(ForkedBooter.java:68)
Caused by: org.apache.http.conn.ConnectTimeoutException: Connect to www.compendiumdev.co.uk:80 [www.compendiumdev.co.uk/188.65.115.132] failed: connect timed out
	at org.apache.http.impl.conn.HttpClientConnectionOperator.connect(HttpClientConnectionOperator.java:130)
	at org.apache.http.impl.conn.PoolingHttpClientConnectionManager.connect(PoolingHttpClientConnectionManager.java:314)
	at org.apache.http.impl.execchain.MainClientExec.establishRoute(MainClientExec.java:363)
	at org.apache.http.impl.execchain.MainClientExec.execute(MainClientExec.java:219)
	at org.apache.http.impl.execchain.ProtocolExec.execute(ProtocolExec.java:195)
	at org.apache.http.impl.execchain.RetryExec.execute(RetryExec.java:85)
	at org.apache.http.impl.execchain.RedirectExec.execute(RedirectExec.java:108)
	at org.apache.http.impl.client.InternalHttpClient.doExecute(InternalHttpClient.java:186)
	at org.apache.http.impl.client.CloseableHttpClient.execute(CloseableHttpClient.java:72)
	at com.gargoylesoftware.htmlunit.HttpWebConnection.getResponse(HttpWebConnection.java:179)
	at com.gargoylesoftware.htmlunit.WebClient.loadWebResponseFromWebConnection(WebClient.java:1297)
	at com.gargoylesoftware.htmlunit.WebClient.loadWebResponse(WebClient.java:1214)
	at com.gargoylesoftware.htmlunit.WebClient.getPage(WebClient.java:325)
	at com.gargoylesoftware.htmlunit.WebClient.getPage(WebClient.java:394)
	at org.openqa.selenium.htmlunit.HtmlUnitDriver.get(HtmlUnitDriver.java:474)
	... 31 more
Caused by: java.net.SocketTimeoutException: connect timed out
	at java.net.PlainSocketImpl.socketConnect(Native Method)
	at java.net.AbstractPlainSocketImpl.doConnect(AbstractPlainSocketImpl.java:339)
	at java.net.AbstractPlainSocketImpl.connectToAddress(AbstractPlainSocketImpl.java:200)
	at java.net.AbstractPlainSocketImpl.connect(AbstractPlainSocketImpl.java:182)
	at java.net.SocksSocketImpl.connect(SocksSocketImpl.java:392)
	at java.net.Socket.connect(Socket.java:579)
	at org.apache.http.conn.socket.PlainConnectionSocketFactory.connectSocket(PlainConnectionSocketFactory.java:72)
	at org.apache.http.impl.conn.HttpClientConnectionOperator.connect(HttpClientConnectionOperator.java:118)
	... 45 more
</error>
  </testcase>
  <testcase time="17.158" classname="com.leandroTester.webdriver.FirstTest" name="firefoxIsSupportedByWebDriver"/>
</testsuite>